<?xml version="1.0" encoding="UTF-8"?>
<!-- Generated by org.testng.reporters.JUnitReportReporter -->
<testsuite skipped="0" hostname="Vikas" name="Learning.learining.AppTest" tests="1" failures="0" timestamp="2021-09-25T01:26:21 IST" time="0.021" errors="0">
  <testcase name="shouldAnswerWithTrue" time="0.021" classname="Learning.learining.AppTest"/>
  <system-out/>
</testsuite> <!-- Learning.learining.AppTest -->
