<?xml version="1.0" encoding="UTF-8"?>
<!-- Generated by org.testng.reporters.JUnitReportReporter -->
<testsuite skipped="0" hostname="Vikas" name="Learning.learining.Demo" tests="1" failures="0" timestamp="2021-09-25T13:12:59 IST" time="0.008" errors="0">
  <testcase name="t1" time="0.008" classname="Learning.learining.Demo"/>
  <system-out/>
</testsuite> <!-- Learning.learining.Demo -->
